<?xml version="1.0" encoding="UTF-8"?>
<!-- Generated by org.testng.reporters.JUnitReportReporter -->
<testsuite skipped="0" hostname="DESKTOP-3BSJNV9" name="Login.ReadingDataFromExcel_Test" tests="4" failures="0" timestamp="2022-08-08T21:43:19 IST" time="9.873" errors="0">
  <testcase name="readingData" time="1.642" classname="Login.ReadingDataFromExcel_Test"/>
  <system-out/>
  <testcase name="readingData" time="4.781" classname="Login.ReadingDataFromExcel_Test"/>
  <system-out/>
  <testcase name="readingData" time="1.857" classname="Login.ReadingDataFromExcel_Test"/>
  <system-out/>
  <testcase name="readingData" time="1.593" classname="Login.ReadingDataFromExcel_Test"/>
  <system-out/>
</testsuite> <!-- Login.ReadingDataFromExcel_Test -->
