<?xml version="1.0" encoding="UTF-8"?>
<!-- Generated by org.testng.reporters.JUnitReportReporter -->
<testsuite skipped="0" hostname="DESKTOP-3BSJNV9" name="Login.ReadExcel" tests="1" failures="0" timestamp="2022-08-08T21:31:34 IST" time="1.013" errors="0">
  <testcase name="data" time="1.013" classname="Login.ReadExcel"/>
  <system-out/>
</testsuite> <!-- Login.ReadExcel -->
