<?xml version="1.0" encoding="UTF-8"?>
<!-- Generated by org.testng.reporters.JUnitReportReporter -->
<testsuite skipped="0" hostname="DESKTOP-3BSJNV9" name="register.TC_DWS_03_Test" tests="1" failures="0" timestamp="2022-08-10T10:28:45 IST" time="6.331" errors="0">
  <testcase name="Validate_Register_invalid_credentials" time="6.331" classname="register.TC_DWS_03_Test"/>
  <system-out>
    <![CDATA[Clicked on Register button
Clicked on Radio button
Succesfully entered firstName
Succesfully entered lastName
Succesfully entered Email
Succesfully entered Password
Succesfully entered ConfirmPassword
Succesfully Logged in to the application]]>
  </system-out>
</testsuite> <!-- register.TC_DWS_03_Test -->
