<?xml version="1.0" encoding="UTF-8"?>
<!-- Generated by org.testng.reporters.JUnitReportReporter -->
<testsuite skipped="0" hostname="DESKTOP-3BSJNV9" name="Login.TestCaseID" tests="1" failures="0" timestamp="2022-08-03T15:10:13 IST" time="12.880" errors="0">
  <testcase name="testCaseDescription" time="12.880" classname="Login.TestCaseID"/>
  <system-out/>
</testsuite> <!-- Login.TestCaseID -->
